2024-01-15 08:21:06,437 INFO    MainThread:460 [wandb_setup.py:_flush():76] Configure stats pid to 460
2024-01-15 08:21:06,438 INFO    MainThread:460 [wandb_setup.py:_flush():76] Loading settings from C:\Users\hugoa\.config\wandb\settings
2024-01-15 08:21:06,438 INFO    MainThread:460 [wandb_setup.py:_flush():76] Loading settings from c:\Users\hugoa\H9\RL\GitHub Vrain\rl_levitation_control\rl_levitation_control\wandb\settings
2024-01-15 08:21:06,438 INFO    MainThread:460 [wandb_setup.py:_flush():76] Loading settings from environment variables: {}
2024-01-15 08:21:06,438 INFO    MainThread:460 [wandb_setup.py:_flush():76] Applying setup settings: {'_disable_service': False}
2024-01-15 08:21:06,438 INFO    MainThread:460 [wandb_setup.py:_flush():76] Inferring run settings from compute environment: {'program': '<python with no main file>'}
2024-01-15 08:21:06,438 INFO    MainThread:460 [wandb_init.py:_log_setup():506] Logging user logs to c:\Users\hugoa\H9\RL\GitHub Vrain\rl_levitation_control\rl_levitation_control\wandb\run-20240115_082106-mxbttkxl\logs\debug.log
2024-01-15 08:21:06,439 INFO    MainThread:460 [wandb_init.py:_log_setup():507] Logging internal logs to c:\Users\hugoa\H9\RL\GitHub Vrain\rl_levitation_control\rl_levitation_control\wandb\run-20240115_082106-mxbttkxl\logs\debug-internal.log
2024-01-15 08:21:06,439 INFO    MainThread:460 [wandb_init.py:init():546] calling init triggers
2024-01-15 08:21:06,439 INFO    MainThread:460 [wandb_init.py:init():552] wandb.init called with sweep_config: {}
config: {}
2024-01-15 08:21:06,439 INFO    MainThread:460 [wandb_init.py:init():568] re-initializing run, found existing run on stack: 0wxu2w01
2024-01-15 08:21:06,440 INFO    MainThread:460 [wandb_run.py:_finish():1854] finishing run hyperloopupv/2gdl/0wxu2w01
2024-01-15 08:21:06,446 ERROR   MainThread:460 [jupyter.py:save_history():437] Run pip install nbformat to save notebook history
2024-01-15 08:21:06,446 INFO    MainThread:460 [jupyter.py:save_ipynb():373] not saving jupyter notebook
2024-01-15 08:21:06,446 INFO    MainThread:460 [wandb_init.py:_jupyter_teardown():434] cleaning up jupyter logic
2024-01-15 08:21:06,446 INFO    MainThread:460 [wandb_run.py:_atexit_cleanup():2083] got exitcode: 0
2024-01-15 08:21:06,446 INFO    MainThread:460 [wandb_run.py:_restore():2066] restore
2024-01-15 08:21:06,446 INFO    MainThread:460 [wandb_run.py:_restore():2072] restore done
2024-01-15 08:21:16,971 INFO    MainThread:460 [wandb_run.py:_footer_history_summary_info():3422] rendering history
2024-01-15 08:21:16,972 INFO    MainThread:460 [wandb_run.py:_footer_history_summary_info():3454] rendering summary
2024-01-15 08:21:16,978 INFO    MainThread:460 [wandb_run.py:_footer_sync_info():3380] logging synced files
2024-01-15 08:21:16,983 INFO    MainThread:460 [wandb_init.py:init():602] starting backend
2024-01-15 08:21:16,983 INFO    MainThread:460 [wandb_init.py:init():606] setting up manager
2024-01-15 08:21:16,988 INFO    MainThread:460 [backend.py:_multiprocessing_setup():106] multiprocessing start_methods=spawn, using: spawn
2024-01-15 08:21:16,991 INFO    MainThread:460 [wandb_init.py:init():613] backend started and connected
2024-01-15 08:21:16,993 INFO    MainThread:460 [wandb_run.py:_label_probe_notebook():1204] probe notebook
2024-01-15 08:21:16,993 INFO    MainThread:460 [wandb_run.py:_label_probe_notebook():1214] Unable to probe notebook: 'NoneType' object has no attribute 'get'
2024-01-15 08:21:16,993 INFO    MainThread:460 [wandb_init.py:init():701] updated telemetry
2024-01-15 08:21:17,195 INFO    MainThread:460 [wandb_init.py:init():741] communicating run to backend with 60.0 second timeout
2024-01-15 08:21:18,434 INFO    MainThread:460 [wandb_run.py:_on_init():2133] communicating current version
2024-01-15 08:21:18,505 INFO    MainThread:460 [wandb_run.py:_on_init():2142] got version response upgrade_message: "wandb version 0.16.2 is available!  To upgrade, please run:\n $ pip install wandb --upgrade"

2024-01-15 08:21:18,505 INFO    MainThread:460 [wandb_init.py:init():789] starting run threads in backend
2024-01-15 08:21:18,931 INFO    MainThread:460 [wandb_run.py:_console_start():2114] atexit reg
2024-01-15 08:21:18,931 INFO    MainThread:460 [wandb_run.py:_redirect():1969] redirect: SettingsConsole.WRAP_RAW
2024-01-15 08:21:18,931 INFO    MainThread:460 [wandb_run.py:_redirect():2034] Wrapping output streams.
2024-01-15 08:21:18,931 INFO    MainThread:460 [wandb_run.py:_redirect():2059] Redirects installed.
2024-01-15 08:21:18,931 INFO    MainThread:460 [wandb_init.py:init():831] run started, returning control to user process
2024-01-15 08:34:10,233 INFO    MainThread:460 [wandb_run.py:_tensorboard_callback():1396] tensorboard callback: 2gdl/SAC_32, True
2024-01-15 08:34:10,258 INFO    MainThread:460 [wandb_watch.py:watch():51] Watching
2024-01-15 08:34:10,259 INFO    MainThread:460 [wandb_run.py:_config_callback():1251] config_cb None None {'algo': 'SAC', 'policy_class': "<class 'stable_baselines3.sac.policies.SACPolicy'>", 'device': 'cpu', 'verbose': 1, 'policy_kwargs': "{'net_arch': {'pi': [8, 8], 'qf': [256, 256]}, 'use_sde': False}", 'num_timesteps': 0, '_total_timesteps': 8250000, '_num_timesteps_at_start': 0, 'seed': 'None', 'action_noise': 'None', 'start_time': 1705304050198702900, 'learning_rate': '<function linear_schedule.<locals>.func at 0x0000011C7828F040>', 'tensorboard_log': '2gdl/', '_last_obs': '[[6.2 6.2 0.  0.  0.  0. ]]', '_last_episode_starts': '[ True]', '_last_original_obs': '[[-2.7829908e-02 -3.8671948e-02 -4.2606390e-04  1.3368545e-05\n  -1.7020209e+00 -2.9880896e+00]]', '_episode_num': 0, 'use_sde': 'False', 'sde_sample_freq': -1, '_current_progress_remaining': 0.9054546666666666, '_stats_window_size': 100, 'ep_info_buffer': 'deque([], maxlen=100)', 'ep_success_buffer': 'deque([], maxlen=100)', '_n_updates': 779899, '_custom_logger': 'False', 'env': '<stable_baselines3.common.vec_env.dummy_vec_env.DummyVecEnv object at 0x0000011C74009760>', '_vec_normalize_env': 'None', 'observation_space': 'Box([-10. -10. -inf -inf -45. -45.], [10. 10. inf inf 45. 45.], (6,), float32)', 'action_space': 'Box(-100.0, 100.0, (2,), float32)', 'n_envs': 1, 'buffer_size': 1000000, 'batch_size': 256, 'learning_starts': 100, 'tau': 0.005, 'gamma': 0.99, 'gradient_steps': 1, 'optimize_memory_usage': 'False', 'replay_buffer': '<stable_baselines3.common.buffers.ReplayBuffer object at 0x0000011C74B29160>', 'replay_buffer_class': "<class 'stable_baselines3.common.buffers.ReplayBuffer'>", 'replay_buffer_kwargs': '{}', '_episode_storage': 'None', 'train_freq': "TrainFreq(frequency=1, unit=<TrainFrequencyUnit.STEP: 'step'>)", 'use_sde_at_warmup': 'False', 'target_entropy': -2.0, 'log_ent_coef': 'tensor([-4.2751], requires_grad=True)', 'ent_coef': 'auto', 'target_update_interval': 1, 'ent_coef_optimizer': 'Adam (\nParameter Group 0\n    amsgrad: False\n    betas: (0.9, 0.999)\n    capturable: False\n    differentiable: False\n    eps: 1e-08\n    foreach: None\n    fused: None\n    lr: 0.0009054546666666666\n    maximize: False\n    weight_decay: 0\n)', 'lr_schedule': '<function linear_schedule.<locals>.func at 0x0000011C7828F040>', 'batch_norm_stats': '[]', 'batch_norm_stats_target': '[]', 'policy': 'SACPolicy(\n  (actor): Actor(\n    (features_extractor): FlattenExtractor(\n      (flatten): Flatten(start_dim=1, end_dim=-1)\n    )\n    (latent_pi): Sequential(\n      (0): Linear(in_features=6, out_features=8, bias=True)\n      (1): ReLU()\n      (2): Linear(in_features=8, out_features=8, bias=True)\n      (3): ReLU()\n    )\n    (mu): Linear(in_features=8, out_features=2, bias=True)\n    (log_std): Linear(in_features=8, out_features=2, bias=True)\n  )\n  (critic): ContinuousCritic(\n    (features_extractor): FlattenExtractor(\n      (flatten): Flatten(start_dim=1, end_dim=-1)\n    )\n    (qf0): Sequential(\n      (0): Linear(in_features=8, out_features=256, bias=True)\n      (1): ReLU()\n      (2): Linear(in_features=256, out_features=256, bias=True)\n      (3): ReLU()\n      (4): Linear(in_features=256, out_features=1, bias=True)\n    )\n    (qf1): Sequential(\n      (0): Linear(in_features=8, out_features=256, bias=True)\n      (1): ReLU()\n      (2): Linear(in_features=256, out_features=256, bias=True)\n      (3): ReLU()\n      (4): Linear(in_features=256, out_features=1, bias=True)\n    )\n  )\n  (critic_target): ContinuousCritic(\n    (features_extractor): FlattenExtractor(\n      (flatten): Flatten(start_dim=1, end_dim=-1)\n    )\n    (qf0): Sequential(\n      (0): Linear(in_features=8, out_features=256, bias=True)\n      (1): ReLU()\n      (2): Linear(in_features=256, out_features=256, bias=True)\n      (3): ReLU()\n      (4): Linear(in_features=256, out_features=1, bias=True)\n    )\n    (qf1): Sequential(\n      (0): Linear(in_features=8, out_features=256, bias=True)\n      (1): ReLU()\n      (2): Linear(in_features=256, out_features=256, bias=True)\n      (3): ReLU()\n      (4): Linear(in_features=256, out_features=1, bias=True)\n    )\n  )\n)', 'actor': 'Actor(\n  (features_extractor): FlattenExtractor(\n    (flatten): Flatten(start_dim=1, end_dim=-1)\n  )\n  (latent_pi): Sequential(\n    (0): Linear(in_features=6, out_features=8, bias=True)\n    (1): ReLU()\n    (2): Linear(in_features=8, out_features=8, bias=True)\n    (3): ReLU()\n  )\n  (mu): Linear(in_features=8, out_features=2, bias=True)\n  (log_std): Linear(in_features=8, out_features=2, bias=True)\n)', 'critic': 'ContinuousCritic(\n  (features_extractor): FlattenExtractor(\n    (flatten): Flatten(start_dim=1, end_dim=-1)\n  )\n  (qf0): Sequential(\n    (0): Linear(in_features=8, out_features=256, bias=True)\n    (1): ReLU()\n    (2): Linear(in_features=256, out_features=256, bias=True)\n    (3): ReLU()\n    (4): Linear(in_features=256, out_features=1, bias=True)\n  )\n  (qf1): Sequential(\n    (0): Linear(in_features=8, out_features=256, bias=True)\n    (1): ReLU()\n    (2): Linear(in_features=256, out_features=256, bias=True)\n    (3): ReLU()\n    (4): Linear(in_features=256, out_features=1, bias=True)\n  )\n)', 'critic_target': 'ContinuousCritic(\n  (features_extractor): FlattenExtractor(\n    (flatten): Flatten(start_dim=1, end_dim=-1)\n  )\n  (qf0): Sequential(\n    (0): Linear(in_features=8, out_features=256, bias=True)\n    (1): ReLU()\n    (2): Linear(in_features=256, out_features=256, bias=True)\n    (3): ReLU()\n    (4): Linear(in_features=256, out_features=1, bias=True)\n  )\n  (qf1): Sequential(\n    (0): Linear(in_features=8, out_features=256, bias=True)\n    (1): ReLU()\n    (2): Linear(in_features=256, out_features=256, bias=True)\n    (3): ReLU()\n    (4): Linear(in_features=256, out_features=1, bias=True)\n  )\n)', '_logger': '<stable_baselines3.common.logger.Logger object at 0x0000011C61E97FA0>'}
2024-01-15 08:38:17,662 INFO    MainThread:460 [sb3.py:save_model():153] Saving model checkpoint to models/2gdl8x8nocrash.2\model.zip
2024-01-15 08:42:19,433 INFO    MainThread:460 [sb3.py:save_model():153] Saving model checkpoint to models/2gdl8x8nocrash.2\model.zip
2024-01-15 08:46:23,926 INFO    MainThread:460 [sb3.py:save_model():153] Saving model checkpoint to models/2gdl8x8nocrash.2\model.zip
2024-01-15 08:50:24,500 INFO    MainThread:460 [sb3.py:save_model():153] Saving model checkpoint to models/2gdl8x8nocrash.2\model.zip
2024-01-15 08:54:26,761 INFO    MainThread:460 [sb3.py:save_model():153] Saving model checkpoint to models/2gdl8x8nocrash.2\model.zip
2024-01-18 15:51:13,188 INFO    MainThread:460 [wandb_setup.py:_flush():76] Configure stats pid to 460
2024-01-18 15:51:13,190 INFO    MainThread:460 [wandb_setup.py:_flush():76] Loading settings from C:\Users\hugoa\.config\wandb\settings
2024-01-18 15:51:13,191 INFO    MainThread:460 [wandb_setup.py:_flush():76] Loading settings from c:\Users\hugoa\H9\RL\GitHub Vrain\rl_levitation_control\rl_levitation_control\wandb\settings
2024-01-18 15:51:13,191 INFO    MainThread:460 [wandb_setup.py:_flush():76] Loading settings from environment variables: {}
2024-01-18 15:51:13,191 INFO    MainThread:460 [wandb_setup.py:_flush():76] Applying setup settings: {'_disable_service': False}
2024-01-18 15:51:13,191 INFO    MainThread:460 [wandb_setup.py:_flush():76] Inferring run settings from compute environment: {'program': '<python with no main file>'}
2024-01-18 15:51:13,191 INFO    MainThread:460 [wandb_init.py:_log_setup():506] Logging user logs to c:\Users\hugoa\H9\RL\GitHub Vrain\rl_levitation_control\rl_levitation_control\wandb\run-20240118_155113-9x86ugw6\logs\debug.log
2024-01-18 15:51:13,191 INFO    MainThread:460 [wandb_init.py:_log_setup():507] Logging internal logs to c:\Users\hugoa\H9\RL\GitHub Vrain\rl_levitation_control\rl_levitation_control\wandb\run-20240118_155113-9x86ugw6\logs\debug-internal.log
2024-01-18 15:51:13,192 INFO    MainThread:460 [wandb_init.py:_jupyter_setup():452] configuring jupyter hooks <wandb.sdk.wandb_init._WandbInit object at 0x0000011C008EA5B0>
2024-01-18 15:51:13,192 INFO    MainThread:460 [wandb_init.py:init():546] calling init triggers
2024-01-18 15:51:13,193 INFO    MainThread:460 [wandb_init.py:init():552] wandb.init called with sweep_config: {}
config: {}
2024-01-18 15:51:13,193 INFO    MainThread:460 [wandb_init.py:init():568] re-initializing run, found existing run on stack: mxbttkxl
2024-01-18 15:51:13,195 INFO    MainThread:460 [wandb_run.py:_finish():1854] finishing run hyperloopupv/2gdl/mxbttkxl
2024-01-18 15:51:13,196 INFO    MainThread:460 [wandb_run.py:_atexit_cleanup():2083] got exitcode: 0
2024-01-18 15:51:13,196 INFO    MainThread:460 [wandb_run.py:_restore():2066] restore
2024-01-18 15:51:13,198 INFO    MainThread:460 [wandb_run.py:_restore():2072] restore done
2024-01-18 15:53:45,262 WARNING MsgRouterThr:460 [router.py:message_loop():77] message_loop has been closed
2024-01-18 15:53:49,276 INFO    MainThread:460 [wandb_run.py:_restore():2066] restore
2024-01-18 15:53:49,276 INFO    MainThread:460 [wandb_run.py:_restore():2072] restore done
2024-01-18 15:53:49,357 ERROR   MainThread:460 [wandb_init.py:init():1171] error
Traceback (most recent call last):
  File "C:\Users\hugoa\AppData\Local\Packages\PythonSoftwareFoundation.Python.3.9_qbz5n2kfra8p0\LocalCache\local-packages\Python39\site-packages\wandb\sdk\wandb_run.py", line 2092, in _atexit_cleanup
    self._on_finish()
  File "C:\Users\hugoa\AppData\Local\Packages\PythonSoftwareFoundation.Python.3.9_qbz5n2kfra8p0\LocalCache\local-packages\Python39\site-packages\wandb\sdk\wandb_run.py", line 2325, in _on_finish
    _ = exit_handle.wait(timeout=-1, on_progress=self._on_progress_exit)
  File "C:\Users\hugoa\AppData\Local\Packages\PythonSoftwareFoundation.Python.3.9_qbz5n2kfra8p0\LocalCache\local-packages\Python39\site-packages\wandb\sdk\lib\mailbox.py", line 298, in wait
    on_probe(probe_handle)
  File "C:\Users\hugoa\AppData\Local\Packages\PythonSoftwareFoundation.Python.3.9_qbz5n2kfra8p0\LocalCache\local-packages\Python39\site-packages\wandb\sdk\wandb_run.py", line 2290, in _on_probe_exit
    result = handle.wait(timeout=0)
  File "C:\Users\hugoa\AppData\Local\Packages\PythonSoftwareFoundation.Python.3.9_qbz5n2kfra8p0\LocalCache\local-packages\Python39\site-packages\wandb\sdk\lib\mailbox.py", line 281, in wait
    raise MailboxError("transport failed")
wandb.sdk.lib.mailbox.MailboxError: transport failed

During handling of the above exception, another exception occurred:

Traceback (most recent call last):
  File "C:\Users\hugoa\AppData\Local\Packages\PythonSoftwareFoundation.Python.3.9_qbz5n2kfra8p0\LocalCache\local-packages\Python39\site-packages\wandb\sdk\wandb_init.py", line 1144, in init
    run = wi.init()
  File "C:\Users\hugoa\AppData\Local\Packages\PythonSoftwareFoundation.Python.3.9_qbz5n2kfra8p0\LocalCache\local-packages\Python39\site-packages\wandb\sdk\wandb_init.py", line 581, in init
    self._wl._global_run_stack[-1].finish()
  File "C:\Users\hugoa\AppData\Local\Packages\PythonSoftwareFoundation.Python.3.9_qbz5n2kfra8p0\LocalCache\local-packages\Python39\site-packages\wandb\sdk\wandb_run.py", line 370, in wrapper
    return func(self, *args, **kwargs)
  File "C:\Users\hugoa\AppData\Local\Packages\PythonSoftwareFoundation.Python.3.9_qbz5n2kfra8p0\LocalCache\local-packages\Python39\site-packages\wandb\sdk\wandb_run.py", line 333, in wrapper
    return func(self, *args, **kwargs)
  File "C:\Users\hugoa\AppData\Local\Packages\PythonSoftwareFoundation.Python.3.9_qbz5n2kfra8p0\LocalCache\local-packages\Python39\site-packages\wandb\sdk\wandb_run.py", line 1845, in finish
    return self._finish(exit_code, quiet)
  File "C:\Users\hugoa\AppData\Local\Packages\PythonSoftwareFoundation.Python.3.9_qbz5n2kfra8p0\LocalCache\local-packages\Python39\site-packages\wandb\sdk\wandb_run.py", line 1860, in _finish
    self._atexit_cleanup(exit_code=exit_code)
  File "C:\Users\hugoa\AppData\Local\Packages\PythonSoftwareFoundation.Python.3.9_qbz5n2kfra8p0\LocalCache\local-packages\Python39\site-packages\wandb\sdk\wandb_run.py", line 2103, in _atexit_cleanup
    self._backend.cleanup()
  File "C:\Users\hugoa\AppData\Local\Packages\PythonSoftwareFoundation.Python.3.9_qbz5n2kfra8p0\LocalCache\local-packages\Python39\site-packages\wandb\sdk\backend\backend.py", line 259, in cleanup
    self.interface.join()
  File "C:\Users\hugoa\AppData\Local\Packages\PythonSoftwareFoundation.Python.3.9_qbz5n2kfra8p0\LocalCache\local-packages\Python39\site-packages\wandb\sdk\interface\interface_shared.py", line 638, in join
    super().join()
  File "C:\Users\hugoa\AppData\Local\Packages\PythonSoftwareFoundation.Python.3.9_qbz5n2kfra8p0\LocalCache\local-packages\Python39\site-packages\wandb\sdk\interface\interface.py", line 741, in join
    _ = self._communicate_shutdown()
  File "C:\Users\hugoa\AppData\Local\Packages\PythonSoftwareFoundation.Python.3.9_qbz5n2kfra8p0\LocalCache\local-packages\Python39\site-packages\wandb\sdk\interface\interface_shared.py", line 551, in _communicate_shutdown
    _ = self._communicate(record)
  File "C:\Users\hugoa\AppData\Local\Packages\PythonSoftwareFoundation.Python.3.9_qbz5n2kfra8p0\LocalCache\local-packages\Python39\site-packages\wandb\sdk\interface\interface_shared.py", line 285, in _communicate
    return self._communicate_async(rec, local=local).get(timeout=timeout)
  File "C:\Users\hugoa\AppData\Local\Packages\PythonSoftwareFoundation.Python.3.9_qbz5n2kfra8p0\LocalCache\local-packages\Python39\site-packages\wandb\sdk\interface\interface_sock.py", line 60, in _communicate_async
    future = self._router.send_and_receive(rec, local=local)
  File "C:\Users\hugoa\AppData\Local\Packages\PythonSoftwareFoundation.Python.3.9_qbz5n2kfra8p0\LocalCache\local-packages\Python39\site-packages\wandb\sdk\interface\router.py", line 94, in send_and_receive
    self._send_message(rec)
  File "C:\Users\hugoa\AppData\Local\Packages\PythonSoftwareFoundation.Python.3.9_qbz5n2kfra8p0\LocalCache\local-packages\Python39\site-packages\wandb\sdk\interface\router_sock.py", line 36, in _send_message
    self._sock_client.send_record_communicate(record)
  File "C:\Users\hugoa\AppData\Local\Packages\PythonSoftwareFoundation.Python.3.9_qbz5n2kfra8p0\LocalCache\local-packages\Python39\site-packages\wandb\sdk\lib\sock_client.py", line 216, in send_record_communicate
    self.send_server_request(server_req)
  File "C:\Users\hugoa\AppData\Local\Packages\PythonSoftwareFoundation.Python.3.9_qbz5n2kfra8p0\LocalCache\local-packages\Python39\site-packages\wandb\sdk\lib\sock_client.py", line 155, in send_server_request
    self._send_message(msg)
  File "C:\Users\hugoa\AppData\Local\Packages\PythonSoftwareFoundation.Python.3.9_qbz5n2kfra8p0\LocalCache\local-packages\Python39\site-packages\wandb\sdk\lib\sock_client.py", line 152, in _send_message
    self._sendall_with_error_handle(header + data)
  File "C:\Users\hugoa\AppData\Local\Packages\PythonSoftwareFoundation.Python.3.9_qbz5n2kfra8p0\LocalCache\local-packages\Python39\site-packages\wandb\sdk\lib\sock_client.py", line 130, in _sendall_with_error_handle
    sent = self._sock.send(data)
ConnectionResetError: [WinError 10054] Se ha forzado la interrupción de una conexión existente por el host remoto
